
Profiling started at Wed May  9 15:08:41 2018
Profiling stopped at Wed May  9 15:09:18 2018

-- OProfile/operf Statistics --
Nr. non-backtrace samples: 1052163
Nr. kernel samples: 918
Nr. user space samples: 1051245
Nr. samples lost due to sample address not in expected range for domain: 0
Nr. lost kernel samples: 0
Nr. samples lost due to sample file open failure: 0
Nr. samples lost due to no permanent mapping: 24
Nr. user context kernel samples lost due to no app info available: 0
Nr. user samples lost due to no app info available: 0
Nr. backtraces skipped due to no file mapping: 0
Nr. hypervisor samples dropped due to address out-of-range: 0
Nr. samples lost reported by perf_events kernel: 0

Profiling started at Fri May 18 14:13:48 2018
Profiling stopped at Fri May 18 14:14:23 2018

-- OProfile/operf Statistics --
Nr. non-backtrace samples: 1165936
Nr. kernel samples: 565
Nr. user space samples: 1165371
Nr. samples lost due to sample address not in expected range for domain: 0
Nr. lost kernel samples: 0
Nr. samples lost due to sample file open failure: 0
Nr. samples lost due to no permanent mapping: 0
Nr. user context kernel samples lost due to no app info available: 0
Nr. user samples lost due to no app info available: 0
Nr. backtraces skipped due to no file mapping: 0
Nr. hypervisor samples dropped due to address out-of-range: 0
Nr. samples lost reported by perf_events kernel: 0
